/bin/sh: 1: /var/www/steelpanwebsite.com/public_html/video_joiner/: Permission denied
find: `/var/www/steelpanwebsite.com/public_html/video_joiner/9ipc62t2ct1an2ebuqm9512hr6': No such file or directory
find: `/var/www/steelpanwebsite.com/public_html/video_joiner/5a1aerief5svuftjqq5elu9q72': No such file or directory
find: `/var/www/steelpanwebsite.com/public_html/video_joiner/2aoufv8qspvaifa80j2hpqdr23': No such file or directory
find: `/var/www/steelpanwebsite.com/public_html/video_joiner/b5bii9air2857m192lnfa9jtt2': No such file or directory
find: `/var/www/steelpanwebsite.com/public_html/video_joiner/b1c6hn9po57jcrnicnj9r3ds36': No such file or directory
find: `/var/www/steelpanwebsite.com/public_html/video_joiner/leh5duqlpn38qo01brpu42vt87': No such file or directory
find: `/var/www/steelpanwebsite.com/public_html/video_joiner/5fe7mqif0c29236cdvg71er574': No such file or directory
find: `/var/www/steelpanwebsite.com/public_html/video_joiner/j8douacr8n8o2tqbkf5bncvtv3': No such file or directory
find: `/var/www/steelpanwebsite.com/public_html/video_joiner/b9as5ced2fmdh81vo3vi0menn0': No such file or directory
find: `/var/www/steelpanwebsite.com/public_html/video_joiner/vhpmaato5ofmeq5m7ptra81p45': No such file or directory
find: `/var/www/steelpanwebsite.com/public_html/video_joiner/bps22too2kaod6d25i4t5rje04': No such file or directory
find: `/var/www/steelpanwebsite.com/public_html/video_joiner/ucp6kpeik8odd04uouvvkpn4j0': No such file or directory
find: `/var/www/steelpanwebsite.com/public_html/video_joiner/k4jmmo4pijv1h06d95el6t34l6': No such file or directory
find: `/var/www/steelpanwebsite.com/public_html/video_joiner/noh4kcpcq4id5qamaabqr8uc10': No such file or directory
find: `/var/www/steelpanwebsite.com/public_html/video_joiner/noh4kcpcq4id5qamaabqr8uc10': No such file or directory
find: `/var/www/steelpanwebsite.com/public_html/video_joiner/noh4kcpcq4id5qamaabqr8uc10': No such file or directory
find: `/var/www/steelpanwebsite.com/public_html/video_joiner/nauk9v3ecjpa0tlikt1sqp6vg5': No such file or directory
find: `/var/www/steelpanwebsite.com/public_html/video_joiner/54q91pood0htet41juoh0tnkj1': No such file or directory
find: `/var/www/steelpanwebsite.com/public_html/video_joiner/9b3l2b8ccao4rmtgink1j0j7c5': No such file or directory
find: `/var/www/steelpanwebsite.com/public_html/video_joiner/9b3l2b8ccao4rmtgink1j0j7c5': No such file or directory
find: `/var/www/steelpanwebsite.com/public_html/video_joiner/omf1rss1gv3nn0d2v1gtnktao1': No such file or directory
find: `/var/www/steelpanwebsite.com/public_html/video_joiner/v2ahnqtvnvsf4uk9cmd8gcdeb6': No such file or directory
find: `/var/www/steelpanwebsite.com/public_html/video_joiner/m66p22p7c3rqldpsjiegtva3h0': No such file or directory
find: `/var/www/steelpanwebsite.com/public_html/video_joiner/o0bk52m0nmcnmpavpi5ns16c14': No such file or directory
find: `/var/www/steelpanwebsite.com/public_html/video_joiner/oj2hq4uv4mddfnhng9hfr08l71': No such file or directory
